<?xml version="1.0" encoding="UTF-8"?>
<!-- Generated by org.testng.reporters.JUnitReportReporter -->
<testsuite hostname="prashantb" failures="0" tests="5" name="Selenium_demo.Demo_topics" time="2.388" errors="0" timestamp="2022-02-02T20:49:04 IST" skipped="0">
  <testcase classname="Selenium_demo.Demo_topics" name="Classname" time="0.173"/>
  <system-out/>
  <testcase classname="Selenium_demo.Demo_topics" name="id" time="0.105"/>
  <system-out/>
  <testcase classname="Selenium_demo.Demo_topics" name="AbsXpath" time="0.254"/>
  <system-out/>
  <testcase classname="Selenium_demo.Demo_topics" name="RelativeXpath" time="1.757"/>
  <system-out/>
  <testcase classname="Selenium_demo.Demo_topics" name="tagname" time="0.099"/>
  <system-out/>
</testsuite> <!-- Selenium_demo.Demo_topics -->
